<?xml version="1.0" encoding="UTF-8"?>
<testsuite xmlns:xsi="http://www.w3.org/2001/XMLSchema-instance" xsi:noNamespaceSchemaLocation="https://maven.apache.org/surefire/maven-surefire-plugin/xsd/surefire-test-report.xsd" version="3.0.2" name="kg.us.xuan.otto_trans.config.SettingsTest" time="0.08" tests="5" errors="0" skipped="0" failures="0">
  <properties>
[...]
</properties>
  <testcase name="testDefaultsWhenConfigAbsent" classname="kg.us.xuan.otto_trans.config.SettingsTest" time="0.054"/>
  <testcase name="testSingletonReturnsSameInstance" classname="kg.us.xuan.otto_trans.config.SettingsTest" time="0.002"/>
  <testcase name="testEngineDefaults" classname="kg.us.xuan.otto_trans.config.SettingsTest" time="0.002"/>
  <testcase name="testEnginesMapIsMutable" classname="kg.us.xuan.otto_trans.config.SettingsTest" time="0.002"/>
  <testcase name="testConfigPathIsCorrect" classname="kg.us.xuan.otto_trans.config.SettingsTest" time="0.001"/>
</testsuite>